<?xml version="1.0" encoding="UTF-8"?>
<testsuite name="com.maximvolk.regions_directory.RegionsDirectoryApplicationTests" tests="1" skipped="0" failures="0" errors="0" timestamp="2021-08-22T12:45:19" hostname="Maksims-MacBook-Pro.local" time="0.23">
  <properties/>
  <testcase name="contextLoads()" classname="com.maximvolk.regions_directory.RegionsDirectoryApplicationTests" time="0.23"/>
  <system-out><![CDATA[15:45:16.097 [Test worker] DEBUG org.springframework.test.context.BootstrapUtils - Instantiating CacheAwareContextLoaderDelegate from class [org.springframework.test.context.cache.DefaultCacheAwareContextLoaderDelegate]
15:45:16.106 [Test worker] DEBUG org.springframework.test.context.BootstrapUtils - Instantiating BootstrapContext using constructor [public org.springframework.test.context.support.DefaultBootstrapContext(java.lang.Class,org.springframework.test.context.CacheAwareContextLoaderDelegate)]
15:45:16.135 [Test worker] DEBUG org.springframework.test.context.BootstrapUtils - Instantiating TestContextBootstrapper for test class [com.maximvolk.regions_directory.RegionsDirectoryApplicationTests] from class [org.springframework.boot.test.context.SpringBootTestContextBootstrapper]
15:45:16.145 [Test worker] INFO org.springframework.boot.test.context.SpringBootTestContextBootstrapper - Neither @ContextConfiguration nor @ContextHierarchy found for test class [com.maximvolk.regions_directory.RegionsDirectoryApplicationTests], using SpringBootContextLoader
15:45:16.148 [Test worker] DEBUG org.springframework.test.context.support.AbstractContextLoader - Did not detect default resource location for test class [com.maximvolk.regions_directory.RegionsDirectoryApplicationTests]: class path resource [com/maximvolk/regions_directory/RegionsDirectoryApplicationTests-context.xml] does not exist
15:45:16.149 [Test worker] DEBUG org.springframework.test.context.support.AbstractContextLoader - Did not detect default resource location for test class [com.maximvolk.regions_directory.RegionsDirectoryApplicationTests]: class path resource [com/maximvolk/regions_directory/RegionsDirectoryApplicationTestsContext.groovy] does not exist
15:45:16.149 [Test worker] INFO org.springframework.test.context.support.AbstractContextLoader - Could not detect default resource locations for test class [com.maximvolk.regions_directory.RegionsDirectoryApplicationTests]: no resource found for suffixes {-context.xml, Context.groovy}.
15:45:16.150 [Test worker] INFO org.springframework.test.context.support.AnnotationConfigContextLoaderUtils - Could not detect default configuration classes for test class [com.maximvolk.regions_directory.RegionsDirectoryApplicationTests]: RegionsDirectoryApplicationTests does not declare any static, non-private, non-final, nested classes annotated with @Configuration.
15:45:16.189 [Test worker] DEBUG org.springframework.test.context.support.ActiveProfilesUtils - Could not find an 'annotation declaring class' for annotation type [org.springframework.test.context.ActiveProfiles] and class [com.maximvolk.regions_directory.RegionsDirectoryApplicationTests]
15:45:16.235 [Test worker] DEBUG org.springframework.context.annotation.ClassPathScanningCandidateComponentProvider - Identified candidate component class: file [/Users/maximvolk/Prog/Java/regions-directory/build/classes/java/main/com/maximvolk/regions_directory/RegionsDirectoryApplication.class]
15:45:16.236 [Test worker] INFO org.springframework.boot.test.context.SpringBootTestContextBootstrapper - Found @SpringBootConfiguration com.maximvolk.regions_directory.RegionsDirectoryApplication for test class com.maximvolk.regions_directory.RegionsDirectoryApplicationTests
15:45:16.315 [Test worker] DEBUG org.springframework.boot.test.context.SpringBootTestContextBootstrapper - @TestExecutionListeners is not present for class [com.maximvolk.regions_directory.RegionsDirectoryApplicationTests]: using defaults.
15:45:16.315 [Test worker] INFO org.springframework.boot.test.context.SpringBootTestContextBootstrapper - Loaded default TestExecutionListener class names from location [META-INF/spring.factories]: [org.springframework.boot.test.autoconfigure.restdocs.RestDocsTestExecutionListener, org.springframework.boot.test.autoconfigure.web.client.MockRestServiceServerResetTestExecutionListener, org.springframework.boot.test.autoconfigure.web.servlet.MockMvcPrintOnlyOnFailureTestExecutionListener, org.springframework.boot.test.autoconfigure.web.servlet.WebDriverTestExecutionListener, org.springframework.boot.test.autoconfigure.webservices.client.MockWebServiceServerTestExecutionListener, org.springframework.boot.test.mock.mockito.MockitoTestExecutionListener, org.springframework.boot.test.mock.mockito.ResetMocksTestExecutionListener, org.springframework.test.context.web.ServletTestExecutionListener, org.springframework.test.context.support.DirtiesContextBeforeModesTestExecutionListener, org.springframework.test.context.event.ApplicationEventsTestExecutionListener, org.springframework.test.context.support.DependencyInjectionTestExecutionListener, org.springframework.test.context.support.DirtiesContextTestExecutionListener, org.springframework.test.context.transaction.TransactionalTestExecutionListener, org.springframework.test.context.jdbc.SqlScriptsTestExecutionListener, org.springframework.test.context.event.EventPublishingTestExecutionListener]
15:45:16.330 [Test worker] INFO org.springframework.boot.test.context.SpringBootTestContextBootstrapper - Using TestExecutionListeners: [org.springframework.test.context.web.ServletTestExecutionListener@13cce3f6, org.springframework.test.context.support.DirtiesContextBeforeModesTestExecutionListener@11af293, org.springframework.test.context.event.ApplicationEventsTestExecutionListener@490d8f7d, org.springframework.boot.test.mock.mockito.MockitoTestExecutionListener@3da0883c, org.springframework.boot.test.autoconfigure.SpringBootDependencyInjectionTestExecutionListener@49070f2d, org.springframework.test.context.support.DirtiesContextTestExecutionListener@1fdfe2f4, org.springframework.test.context.transaction.TransactionalTestExecutionListener@3a0cf015, org.springframework.test.context.jdbc.SqlScriptsTestExecutionListener@3d46e00, org.springframework.test.context.event.EventPublishingTestExecutionListener@72db6730, org.springframework.boot.test.autoconfigure.restdocs.RestDocsTestExecutionListener@12f3f3dd, org.springframework.boot.test.autoconfigure.web.client.MockRestServiceServerResetTestExecutionListener@4fa225ce, org.springframework.boot.test.autoconfigure.web.servlet.MockMvcPrintOnlyOnFailureTestExecutionListener@6f26f654, org.springframework.boot.test.autoconfigure.web.servlet.WebDriverTestExecutionListener@46edee67, org.springframework.boot.test.autoconfigure.webservices.client.MockWebServiceServerTestExecutionListener@4b0d807c, org.springframework.boot.test.mock.mockito.ResetMocksTestExecutionListener@155f5086]
15:45:16.333 [Test worker] DEBUG org.springframework.test.context.support.AbstractDirtiesContextTestExecutionListener - Before test class: context [DefaultTestContext@ada465f testClass = RegionsDirectoryApplicationTests, testInstance = [null], testMethod = [null], testException = [null], mergedContextConfiguration = [WebMergedContextConfiguration@41f5de1a testClass = RegionsDirectoryApplicationTests, locations = '{}', classes = '{class com.maximvolk.regions_directory.RegionsDirectoryApplication}', contextInitializerClasses = '[]', activeProfiles = '{}', propertySourceLocations = '{}', propertySourceProperties = '{org.springframework.boot.test.context.SpringBootTestContextBootstrapper=true}', contextCustomizers = set[org.springframework.boot.test.autoconfigure.actuate.metrics.MetricsExportContextCustomizerFactory$DisableMetricExportContextCustomizer@42c31219, org.springframework.boot.test.autoconfigure.properties.PropertyMappingContextCustomizer@0, org.springframework.boot.test.autoconfigure.web.servlet.WebDriverContextCustomizerFactory$Customizer@1359f21d, org.springframework.boot.test.context.filter.ExcludeFilterContextCustomizer@7625afa0, org.springframework.boot.test.json.DuplicateJsonObjectContextCustomizerFactory$DuplicateJsonObjectContextCustomizer@1bd46a2a, org.springframework.boot.test.mock.mockito.MockitoContextCustomizer@0, org.springframework.boot.test.web.client.TestRestTemplateContextCustomizer@3496c735, org.springframework.boot.test.context.SpringBootTestArgs@1, org.springframework.boot.test.context.SpringBootTestWebEnvironment@4bc0b6e4], resourceBasePath = 'src/main/webapp', contextLoader = 'org.springframework.boot.test.context.SpringBootContextLoader', parent = [null]], attributes = map['org.springframework.test.context.web.ServletTestExecutionListener.activateListener' -> true]], class annotated with @DirtiesContext [false] with mode [null].
15:45:16.364 [Test worker] DEBUG org.springframework.test.context.support.TestPropertySourceUtils - Adding inlined properties to environment: {spring.jmx.enabled=false, org.springframework.boot.test.context.SpringBootTestContextBootstrapper=true}

  .   ____          _            __ _ _
 /\\ / ___'_ __ _ _(_)_ __  __ _ \ \ \ \
( ( )\___ | '_ | '_| | '_ \/ _` | \ \ \ \
 \\/  ___)| |_)| | | | | || (_| |  ) ) ) )
  '  |____| .__|_| |_|_| |_\__, | / / / /
 =========|_|==============|___/=/_/_/_/
 :: Spring Boot ::                (v2.5.3)

2021-08-22 15:45:16.782  INFO 1413 --- [    Test worker] c.m.r.RegionsDirectoryApplicationTests   : Starting RegionsDirectoryApplicationTests using Java 16.0.2 on Maksims-MacBook-Pro.local with PID 1413 (started by maximvolk in /Users/maximvolk/Prog/Java/regions-directory)
2021-08-22 15:45:16.783  INFO 1413 --- [    Test worker] c.m.r.RegionsDirectoryApplicationTests   : No active profile set, falling back to default profiles: default
2021-08-22 15:45:17.453  INFO 1413 --- [    Test worker] .s.d.r.c.RepositoryConfigurationDelegate : Bootstrapping Spring Data JPA repositories in DEFAULT mode.
2021-08-22 15:45:17.466  INFO 1413 --- [    Test worker] .s.d.r.c.RepositoryConfigurationDelegate : Finished Spring Data repository scanning in 7 ms. Found 0 JPA repository interfaces.
2021-08-22 15:45:17.786  INFO 1413 --- [    Test worker] o.s.j.d.e.EmbeddedDatabaseFactory        : Starting embedded database: url='jdbc:h2:mem:testdb;DB_CLOSE_DELAY=-1;DB_CLOSE_ON_EXIT=false', username='sa'
2021-08-22 15:45:18.064  INFO 1413 --- [    Test worker] o.hibernate.jpa.internal.util.LogHelper  : HHH000204: Processing PersistenceUnitInfo [name: default]
2021-08-22 15:45:18.102  INFO 1413 --- [    Test worker] org.hibernate.Version                    : HHH000412: Hibernate ORM core version 5.4.32.Final
2021-08-22 15:45:18.214  INFO 1413 --- [    Test worker] o.hibernate.annotations.common.Version   : HCANN000001: Hibernate Commons Annotations {5.1.2.Final}
2021-08-22 15:45:18.303  INFO 1413 --- [    Test worker] org.hibernate.dialect.Dialect            : HHH000400: Using dialect: org.hibernate.dialect.H2Dialect
2021-08-22 15:45:18.473  INFO 1413 --- [    Test worker] o.h.e.t.j.p.i.JtaPlatformInitiator       : HHH000490: Using JtaPlatform implementation: [org.hibernate.engine.transaction.jta.platform.internal.NoJtaPlatform]
2021-08-22 15:45:18.481  INFO 1413 --- [    Test worker] j.LocalContainerEntityManagerFactoryBean : Initialized JPA EntityManagerFactory for persistence unit 'default'
2021-08-22 15:45:18.876  WARN 1413 --- [    Test worker] JpaBaseConfiguration$JpaWebConfiguration : spring.jpa.open-in-view is enabled by default. Therefore, database queries may be performed during view rendering. Explicitly configure spring.jpa.open-in-view to disable this warning
2021-08-22 15:45:19.793  INFO 1413 --- [    Test worker] c.m.r.RegionsDirectoryApplicationTests   : Started RegionsDirectoryApplicationTests in 3.423 seconds (JVM running for 4.358)
]]></system-out>
  <system-err><![CDATA[]]></system-err>
</testsuite>
